\BOOKMARK [1][-]{section.1}{\376\377\142\021\116\354\211\201\120\132\116\300\116\110\377\037}{}% 1
\BOOKMARK [2][-]{subsection.1.1}{\376\377\000I\0002\000I\000\050\000i\000m\000a\000g\000e\000\040\000t\000o\000\040\000i\000m\000a\000g\000e\000\051}{section.1}% 2
\BOOKMARK [2][-]{subsection.1.2}{\376\377\116\000\116\233\127\372\170\100\166\204\167\345\213\306}{section.1}% 3
\BOOKMARK [3][-]{subsubsection.1.2.1}{\376\377\143\322\120\074\173\227\154\325}{subsection.1.2}% 4
\BOOKMARK [3][-]{subsubsection.1.2.2}{\376\377\124\014\140\001}{subsection.1.2}% 5
\BOOKMARK [3][-]{subsubsection.1.2.3}{\376\377\123\167\171\357}{subsection.1.2}% 6
\BOOKMARK [3][-]{subsubsection.1.2.4}{\376\377\171\136\176\317\177\121\176\334}{subsection.1.2}% 7
\BOOKMARK [3][-]{subsubsection.1.2.5}{\376\377\213\357\135\356\220\006\117\040\144\255\116\016\150\257\136\246\116\013\226\115}{subsection.1.2}% 8
\BOOKMARK [3][-]{subsubsection.1.2.6}{\376\377\000G\000A\000N}{subsection.1.2}% 9
\BOOKMARK [1][-]{section.2}{\376\377\147\000\122\035\166\204\134\035\213\325\377\032\166\364\143\245\117\177\165\050\143\322\120\074}{}% 10
\BOOKMARK [1][-]{section.3}{\376\377\117\177\165\050\171\136\176\317\177\121\176\334\377\032\000C\000y\000c\000l\000e\000G\000A\000N}{}% 11
\BOOKMARK [2][-]{subsection.3.1}{\376\377\116\072\116\300\116\110\117\177\165\050\000C\000y\000c\000l\000e\000G\000A\000N\377\037}{section.3}% 12
\BOOKMARK [2][-]{subsection.3.2}{\376\377\000C\000y\000c\000l\000e\000G\000A\000N\146\057\116\300\116\110\377\037}{section.3}% 13
\BOOKMARK [2][-]{subsection.3.3}{\376\377\116\000\116\233\230\235\131\026\166\204\134\017\142\200\135\347}{section.3}% 14
\BOOKMARK [2][-]{subsection.3.4}{\376\377\176\323\147\234\131\202\117\125\377\037}{section.3}% 15
\BOOKMARK [2][-]{subsection.3.5}{\376\377\000C\000y\000c\000l\000e\000G\000A\000N\166\204\225\356\230\230}{section.3}% 16
\BOOKMARK [1][-]{section.4}{\376\377\145\260\166\204\140\035\215\357\377\032\137\025\121\145\116\000\116\052\124\014\140\001}{}% 17
\BOOKMARK [2][-]{subsection.4.1}{\376\377\116\072\116\300\116\110\227\000\211\201\124\014\140\001\377\037}{section.4}% 18
\BOOKMARK [2][-]{subsection.4.2}{\376\377\131\202\117\125\133\236\163\260\124\014\140\001\377\037}{section.4}% 19
\BOOKMARK [2][-]{subsection.4.3}{\376\377\147\000\176\310\142\020\147\234}{section.4}% 20
\BOOKMARK [2][-]{subsection.4.4}{\376\377\225\356\230\230\116\016\145\071\217\333}{section.4}% 21
\BOOKMARK [1][-]{section.5}{\376\377\140\073\176\323}{}% 22
